NOW is listening PORT 80
listning to port 8080
chart socket is connected
chart socket is connected
connected:::ffff:104.32.165.208:55727
::ffff:104.32.165.208:DATA
{"status": 1, "volt": 4.238562, "cap": 83, "curr": -3.201, "temp": 33.4}
END:::ffff:104.32.165.208:55727
chart socket just emit[object Object]
cap: 83
connected:::ffff:104.32.165.208:55728
::ffff:104.32.165.208:DATA
{"status": 1, "volt": 4.208694, "cap": 83, "curr": -1.434, "temp": 33.4}
END:::ffff:104.32.165.208:55728
chart socket just emit[object Object]
cap: 83
connected:::ffff:104.32.165.208:55730
::ffff:104.32.165.208:DATA
{"status": 1, "volt": 4.214904, "cap": 83, "curr": -2.144, "temp": 33.4}
END:::ffff:104.32.165.208:55730
chart socket just emit[object Object]
cap: 83
connected:::ffff:104.32.165.208:55732
::ffff:104.32.165.208:DATA
{"status": 1, "volt": 4.210467, "cap": 84, "curr": -1.76, "temp": 33.4}
END:::ffff:104.32.165.208:55732
chart socket just emit[object Object]
cap: 84
send html to browser
chart socket disconnected
chart socket is connected
[ { __v: 0, _id: 5694360a4e1e7ed53ea5c0ba },
  { __v: 0, _id: 569436124e1e7ed53ea5c0bb },
  { __v: 0, _id: 569437616b2632cd3f2a7b5c },
  { __v: 0, _id: 56943903f608c94540c66a4d },
  { __v: 0,
    curr: -2.089,
    volt: 4.192722,
    status: 1,
    cap: 81,
    temp: 33,
    _id: 569439775f1cacb240b4ecb5 },
  { __v: 0,
    curr: -2.552,
    volt: 4.187697,
    status: 1,
    cap: 81,
    temp: 33,
    _id: 5694397f5f1cacb240b4ecb6 },
  { __v: 0,
    curr: -1.71,
    volt: 4.183851,
    status: 1,
    cap: 81,
    temp: 33,
    _id: 569439875f1cacb240b4ecb7 },
  { __v: 0,
    curr: -2.857,
    volt: 4.211355,
    status: 1,
    cap: 82,
    temp: 33,
    _id: 569439945f1cacb240b4ecb8 },
  { __v: 0,
    curr: -1.248,
    volt: 4.180599,
    status: 1,
    cap: 82,
    temp: 33.1,
    _id: 5694399c5f1cacb240b4ecb9 },
  { __v: 0,
    curr: -2.799,
    volt: 4.226142,
    status: 1,
    cap: 83,
    temp: 33.2,
    _id: 56943ab0b326604042c13bd9 },
  { __v: 0,
    curr: -1.76,
    volt: 4.201596,
    status: 1,
    cap: 83,
    temp: 33.3,
    _id: 56943ab8b326604042c13bda },
  { __v: 0,
    curr: -1.523,
    volt: 4.196271,
    status: 1,
    cap: 83,
    temp: 33.3,
    _id: 56943ac0b326604042c13bdb },
  { __v: 0,
    curr: -3.201,
    volt: 4.238562,
    status: 1,
    cap: 83,
    temp: 33.4,
    _id: 56943b45f744abe14239bc57 },
  { __v: 0,
    curr: -1.434,
    volt: 4.208694,
    status: 1,
    cap: 83,
    temp: 33.4,
    _id: 56943b4ef744abe14239bc58 },
  { __v: 0,
    curr: -2.144,
    volt: 4.214904,
    status: 1,
    cap: 83,
    temp: 33.4,
    _id: 56943b55f744abe14239bc59 },
  { __v: 0,
    curr: -1.76,
    volt: 4.210467,
    status: 1,
    cap: 84,
    temp: 33.4,
    _id: 56943b5df744abe14239bc5a } ]
send html to browser
send html to browser
chart socket disconnected
chart socket is connected
[ { __v: 0, _id: 5694360a4e1e7ed53ea5c0ba },
  { __v: 0, _id: 569436124e1e7ed53ea5c0bb },
  { __v: 0, _id: 569437616b2632cd3f2a7b5c },
  { __v: 0, _id: 56943903f608c94540c66a4d },
  { __v: 0,
    curr: -2.089,
    volt: 4.192722,
    status: 1,
    cap: 81,
    temp: 33,
    _id: 569439775f1cacb240b4ecb5 },
  { __v: 0,
    curr: -2.552,
    volt: 4.187697,
    status: 1,
    cap: 81,
    temp: 33,
    _id: 5694397f5f1cacb240b4ecb6 },
  { __v: 0,
    curr: -1.71,
    volt: 4.183851,
    status: 1,
    cap: 81,
    temp: 33,
    _id: 569439875f1cacb240b4ecb7 },
  { __v: 0,
    curr: -2.857,
    volt: 4.211355,
    status: 1,
    cap: 82,
    temp: 33,
    _id: 569439945f1cacb240b4ecb8 },
  { __v: 0,
    curr: -1.248,
    volt: 4.180599,
    status: 1,
    cap: 82,
    temp: 33.1,
    _id: 5694399c5f1cacb240b4ecb9 },
  { __v: 0,
    curr: -2.799,
    volt: 4.226142,
    status: 1,
    cap: 83,
    temp: 33.2,
    _id: 56943ab0b326604042c13bd9 },
  { __v: 0,
    curr: -1.76,
    volt: 4.201596,
    status: 1,
    cap: 83,
    temp: 33.3,
    _id: 56943ab8b326604042c13bda },
  { __v: 0,
    curr: -1.523,
    volt: 4.196271,
    status: 1,
    cap: 83,
    temp: 33.3,
    _id: 56943ac0b326604042c13bdb },
  { __v: 0,
    curr: -3.201,
    volt: 4.238562,
    status: 1,
    cap: 83,
    temp: 33.4,
    _id: 56943b45f744abe14239bc57 },
  { __v: 0,
    curr: -1.434,
    volt: 4.208694,
    status: 1,
    cap: 83,
    temp: 33.4,
    _id: 56943b4ef744abe14239bc58 },
  { __v: 0,
    curr: -2.144,
    volt: 4.214904,
    status: 1,
    cap: 83,
    temp: 33.4,
    _id: 56943b55f744abe14239bc59 },
  { __v: 0,
    curr: -1.76,
    volt: 4.210467,
    status: 1,
    cap: 84,
    temp: 33.4,
    _id: 56943b5df744abe14239bc5a } ]
send html to browser
send html to browser
chart socket disconnected
chart socket is connected
send html to browser
[ { __v: 0, _id: 5694360a4e1e7ed53ea5c0ba },
  { __v: 0, _id: 569436124e1e7ed53ea5c0bb },
  { __v: 0, _id: 569437616b2632cd3f2a7b5c },
  { __v: 0, _id: 56943903f608c94540c66a4d },
  { __v: 0,
    curr: -2.089,
    volt: 4.192722,
    status: 1,
    cap: 81,
    temp: 33,
    _id: 569439775f1cacb240b4ecb5 },
  { __v: 0,
    curr: -2.552,
    volt: 4.187697,
    status: 1,
    cap: 81,
    temp: 33,
    _id: 5694397f5f1cacb240b4ecb6 },
  { __v: 0,
    curr: -1.71,
    volt: 4.183851,
    status: 1,
    cap: 81,
    temp: 33,
    _id: 569439875f1cacb240b4ecb7 },
  { __v: 0,
    curr: -2.857,
    volt: 4.211355,
    status: 1,
    cap: 82,
    temp: 33,
    _id: 569439945f1cacb240b4ecb8 },
  { __v: 0,
    curr: -1.248,
    volt: 4.180599,
    status: 1,
    cap: 82,
    temp: 33.1,
    _id: 5694399c5f1cacb240b4ecb9 },
  { __v: 0,
    curr: -2.799,
    volt: 4.226142,
    status: 1,
    cap: 83,
    temp: 33.2,
    _id: 56943ab0b326604042c13bd9 },
  { __v: 0,
    curr: -1.76,
    volt: 4.201596,
    status: 1,
    cap: 83,
    temp: 33.3,
    _id: 56943ab8b326604042c13bda },
  { __v: 0,
    curr: -1.523,
    volt: 4.196271,
    status: 1,
    cap: 83,
    temp: 33.3,
    _id: 56943ac0b326604042c13bdb },
  { __v: 0,
    curr: -3.201,
    volt: 4.238562,
    status: 1,
    cap: 83,
    temp: 33.4,
    _id: 56943b45f744abe14239bc57 },
  { __v: 0,
    curr: -1.434,
    volt: 4.208694,
    status: 1,
    cap: 83,
    temp: 33.4,
    _id: 56943b4ef744abe14239bc58 },
  { __v: 0,
    curr: -2.144,
    volt: 4.214904,
    status: 1,
    cap: 83,
    temp: 33.4,
    _id: 56943b55f744abe14239bc59 },
  { __v: 0,
    curr: -1.76,
    volt: 4.210467,
    status: 1,
    cap: 84,
    temp: 33.4,
    _id: 56943b5df744abe14239bc5a } ]
send html to browser
chart socket disconnected
chart socket is connected
[ { __v: 0, _id: 5694360a4e1e7ed53ea5c0ba },
  { __v: 0, _id: 569436124e1e7ed53ea5c0bb },
  { __v: 0, _id: 569437616b2632cd3f2a7b5c },
  { __v: 0, _id: 56943903f608c94540c66a4d },
  { __v: 0,
    curr: -2.089,
    volt: 4.192722,
    status: 1,
    cap: 81,
    temp: 33,
    _id: 569439775f1cacb240b4ecb5 },
  { __v: 0,
    curr: -2.552,
    volt: 4.187697,
    status: 1,
    cap: 81,
    temp: 33,
    _id: 5694397f5f1cacb240b4ecb6 },
  { __v: 0,
    curr: -1.71,
    volt: 4.183851,
    status: 1,
    cap: 81,
    temp: 33,
    _id: 569439875f1cacb240b4ecb7 },
  { __v: 0,
    curr: -2.857,
    volt: 4.211355,
    status: 1,
    cap: 82,
    temp: 33,
    _id: 569439945f1cacb240b4ecb8 },
  { __v: 0,
    curr: -1.248,
    volt: 4.180599,
    status: 1,
    cap: 82,
    temp: 33.1,
    _id: 5694399c5f1cacb240b4ecb9 },
  { __v: 0,
    curr: -2.799,
    volt: 4.226142,
    status: 1,
    cap: 83,
    temp: 33.2,
    _id: 56943ab0b326604042c13bd9 },
  { __v: 0,
    curr: -1.76,
    volt: 4.201596,
    status: 1,
    cap: 83,
    temp: 33.3,
    _id: 56943ab8b326604042c13bda },
  { __v: 0,
    curr: -1.523,
    volt: 4.196271,
    status: 1,
    cap: 83,
    temp: 33.3,
    _id: 56943ac0b326604042c13bdb },
  { __v: 0,
    curr: -3.201,
    volt: 4.238562,
    status: 1,
    cap: 83,
    temp: 33.4,
    _id: 56943b45f744abe14239bc57 },
  { __v: 0,
    curr: -1.434,
    volt: 4.208694,
    status: 1,
    cap: 83,
    temp: 33.4,
    _id: 56943b4ef744abe14239bc58 },
  { __v: 0,
    curr: -2.144,
    volt: 4.214904,
    status: 1,
    cap: 83,
    temp: 33.4,
    _id: 56943b55f744abe14239bc59 },
  { __v: 0,
    curr: -1.76,
    volt: 4.210467,
    status: 1,
    cap: 84,
    temp: 33.4,
    _id: 56943b5df744abe14239bc5a } ]
send html to browser
send html to browser
chart socket disconnected
chart socket is connected
[ { __v: 0, _id: 5694360a4e1e7ed53ea5c0ba },
  { __v: 0, _id: 569436124e1e7ed53ea5c0bb },
  { __v: 0, _id: 569437616b2632cd3f2a7b5c },
  { __v: 0, _id: 56943903f608c94540c66a4d },
  { __v: 0,
    curr: -2.089,
    volt: 4.192722,
    status: 1,
    cap: 81,
    temp: 33,
    _id: 569439775f1cacb240b4ecb5 },
  { __v: 0,
    curr: -2.552,
    volt: 4.187697,
    status: 1,
    cap: 81,
    temp: 33,
    _id: 5694397f5f1cacb240b4ecb6 },
  { __v: 0,
    curr: -1.71,
    volt: 4.183851,
    status: 1,
    cap: 81,
    temp: 33,
    _id: 569439875f1cacb240b4ecb7 },
  { __v: 0,
    curr: -2.857,
    volt: 4.211355,
    status: 1,
    cap: 82,
    temp: 33,
    _id: 569439945f1cacb240b4ecb8 },
  { __v: 0,
    curr: -1.248,
    volt: 4.180599,
    status: 1,
    cap: 82,
    temp: 33.1,
    _id: 5694399c5f1cacb240b4ecb9 },
  { __v: 0,
    curr: -2.799,
    volt: 4.226142,
    status: 1,
    cap: 83,
    temp: 33.2,
    _id: 56943ab0b326604042c13bd9 },
  { __v: 0,
    curr: -1.76,
    volt: 4.201596,
    status: 1,
    cap: 83,
    temp: 33.3,
    _id: 56943ab8b326604042c13bda },
  { __v: 0,
    curr: -1.523,
    volt: 4.196271,
    status: 1,
    cap: 83,
    temp: 33.3,
    _id: 56943ac0b326604042c13bdb },
  { __v: 0,
    curr: -3.201,
    volt: 4.238562,
    status: 1,
    cap: 83,
    temp: 33.4,
    _id: 56943b45f744abe14239bc57 },
  { __v: 0,
    curr: -1.434,
    volt: 4.208694,
    status: 1,
    cap: 83,
    temp: 33.4,
    _id: 56943b4ef744abe14239bc58 },
  { __v: 0,
    curr: -2.144,
    volt: 4.214904,
    status: 1,
    cap: 83,
    temp: 33.4,
    _id: 56943b55f744abe14239bc59 },
  { __v: 0,
    curr: -1.76,
    volt: 4.210467,
    status: 1,
    cap: 84,
    temp: 33.4,
    _id: 56943b5df744abe14239bc5a } ]
send html to browser
send html to browser
chart socket disconnected
chart socket is connected
send html to browser
[ { __v: 0, _id: 5694360a4e1e7ed53ea5c0ba },
  { __v: 0, _id: 569436124e1e7ed53ea5c0bb },
  { __v: 0, _id: 569437616b2632cd3f2a7b5c },
  { __v: 0, _id: 56943903f608c94540c66a4d },
  { __v: 0,
    curr: -2.089,
    volt: 4.192722,
    status: 1,
    cap: 81,
    temp: 33,
    _id: 569439775f1cacb240b4ecb5 },
  { __v: 0,
    curr: -2.552,
    volt: 4.187697,
    status: 1,
    cap: 81,
    temp: 33,
    _id: 5694397f5f1cacb240b4ecb6 },
  { __v: 0,
    curr: -1.71,
    volt: 4.183851,
    status: 1,
    cap: 81,
    temp: 33,
    _id: 569439875f1cacb240b4ecb7 },
  { __v: 0,
    curr: -2.857,
    volt: 4.211355,
    status: 1,
    cap: 82,
    temp: 33,
    _id: 569439945f1cacb240b4ecb8 },
  { __v: 0,
    curr: -1.248,
    volt: 4.180599,
    status: 1,
    cap: 82,
    temp: 33.1,
    _id: 5694399c5f1cacb240b4ecb9 },
  { __v: 0,
    curr: -2.799,
    volt: 4.226142,
    status: 1,
    cap: 83,
    temp: 33.2,
    _id: 56943ab0b326604042c13bd9 },
  { __v: 0,
    curr: -1.76,
    volt: 4.201596,
    status: 1,
    cap: 83,
    temp: 33.3,
    _id: 56943ab8b326604042c13bda },
  { __v: 0,
    curr: -1.523,
    volt: 4.196271,
    status: 1,
    cap: 83,
    temp: 33.3,
    _id: 56943ac0b326604042c13bdb },
  { __v: 0,
    curr: -3.201,
    volt: 4.238562,
    status: 1,
    cap: 83,
    temp: 33.4,
    _id: 56943b45f744abe14239bc57 },
  { __v: 0,
    curr: -1.434,
    volt: 4.208694,
    status: 1,
    cap: 83,
    temp: 33.4,
    _id: 56943b4ef744abe14239bc58 },
  { __v: 0,
    curr: -2.144,
    volt: 4.214904,
    status: 1,
    cap: 83,
    temp: 33.4,
    _id: 56943b55f744abe14239bc59 },
  { __v: 0,
    curr: -1.76,
    volt: 4.210467,
    status: 1,
    cap: 84,
    temp: 33.4,
    _id: 56943b5df744abe14239bc5a } ]
connected:::ffff:104.32.165.208:55734
::ffff:104.32.165.208:DATA
{"status": 1, "volt": 4.218453, "cap": 84, "curr": -2.274, "temp": 33.4}
END:::ffff:104.32.165.208:55734
chart socket just emit[object Object]
cap: 84
send html to browser
chart socket disconnected
chart socket is connected
[ { __v: 0, _id: 5694360a4e1e7ed53ea5c0ba },
  { __v: 0, _id: 569436124e1e7ed53ea5c0bb },
  { __v: 0, _id: 569437616b2632cd3f2a7b5c },
  { __v: 0, _id: 56943903f608c94540c66a4d },
  { __v: 0,
    curr: -2.089,
    volt: 4.192722,
    status: 1,
    cap: 81,
    temp: 33,
    _id: 569439775f1cacb240b4ecb5 },
  { __v: 0,
    curr: -2.552,
    volt: 4.187697,
    status: 1,
    cap: 81,
    temp: 33,
    _id: 5694397f5f1cacb240b4ecb6 },
  { __v: 0,
    curr: -1.71,
    volt: 4.183851,
    status: 1,
    cap: 81,
    temp: 33,
    _id: 569439875f1cacb240b4ecb7 },
  { __v: 0,
    curr: -2.857,
    volt: 4.211355,
    status: 1,
    cap: 82,
    temp: 33,
    _id: 569439945f1cacb240b4ecb8 },
  { __v: 0,
    curr: -1.248,
    volt: 4.180599,
    status: 1,
    cap: 82,
    temp: 33.1,
    _id: 5694399c5f1cacb240b4ecb9 },
  { __v: 0,
    curr: -2.799,
    volt: 4.226142,
    status: 1,
    cap: 83,
    temp: 33.2,
    _id: 56943ab0b326604042c13bd9 },
  { __v: 0,
    curr: -1.76,
    volt: 4.201596,
    status: 1,
    cap: 83,
    temp: 33.3,
    _id: 56943ab8b326604042c13bda },
  { __v: 0,
    curr: -1.523,
    volt: 4.196271,
    status: 1,
    cap: 83,
    temp: 33.3,
    _id: 56943ac0b326604042c13bdb },
  { __v: 0,
    curr: -3.201,
    volt: 4.238562,
    status: 1,
    cap: 83,
    temp: 33.4,
    _id: 56943b45f744abe14239bc57 },
  { __v: 0,
    curr: -1.434,
    volt: 4.208694,
    status: 1,
    cap: 83,
    temp: 33.4,
    _id: 56943b4ef744abe14239bc58 },
  { __v: 0,
    curr: -2.144,
    volt: 4.214904,
    status: 1,
    cap: 83,
    temp: 33.4,
    _id: 56943b55f744abe14239bc59 },
  { __v: 0,
    curr: -1.76,
    volt: 4.210467,
    status: 1,
    cap: 84,
    temp: 33.4,
    _id: 56943b5df744abe14239bc5a },
  { __v: 0,
    curr: -2.274,
    volt: 4.218453,
    status: 1,
    cap: 84,
    temp: 33.4,
    _id: 56943b65f744abe14239bc5b } ]
send html to browser
connected:::ffff:104.32.165.208:55736
::ffff:104.32.165.208:DATA
{"status": 1, "volt": 4.19361, "cap": 84, "curr": -0.349, "temp": 33.5}
END:::ffff:104.32.165.208:55736
chart socket just emit[object Object]
cap: 84
